[    52.077] (--) Log file renamed from "/home/hykuro/.local/share/xorg/Xorg.pid-1380.log" to "/home/hykuro/.local/share/xorg/Xorg.0.log"
[    52.077] 
X.Org X Server 1.20.13
X Protocol Version 11, Revision 0
[    52.078] Build Operating System: linux Ubuntu
[    52.078] Current Operating System: Linux hykuro-VirtualBox 5.15.0-124-generic #134~20.04.1-Ubuntu SMP Tue Oct 1 15:27:33 UTC 2024 x86_64
[    52.078] Kernel command line: BOOT_IMAGE=/boot/vmlinuz-5.15.0-124-generic root=UUID=f1daa9af-c088-4bfd-8b14-f1be4021d0ac ro quiet splash
[    52.078] Build Date: 06 July 2022  01:53:24PM
[    52.078] xorg-server 2:1.20.13-1ubuntu1~20.04.3 (For technical support please see http://www.ubuntu.com/support) 
[    52.078] Current version of pixman: 0.38.4
[    52.078] 	Before reporting problems, check http://wiki.x.org
	to make sure that you have the latest version.
[    52.078] Markers: (--) probed, (**) from config file, (==) default setting,
	(++) from command line, (!!) notice, (II) informational,
	(WW) warning, (EE) error, (NI) not implemented, (??) unknown.
[    52.078] (==) Log file: "/home/hykuro/.local/share/xorg/Xorg.0.log", Time: Fri Nov  1 20:16:45 2024
[    52.081] (==) Using system config directory "/usr/share/X11/xorg.conf.d"
[    52.085] (==) No Layout section.  Using the first Screen section.
[    52.085] (==) No screen section available. Using defaults.
[    52.085] (**) |-->Screen "Default Screen Section" (0)
[    52.085] (**) |   |-->Monitor "<default monitor>"
[    52.086] (==) No monitor specified for screen "Default Screen Section".
	Using a default monitor configuration.
[    52.086] (==) Automatically adding devices
[    52.086] (==) Automatically enabling devices
[    52.086] (==) Automatically adding GPU devices
[    52.086] (==) Automatically binding GPU devices
[    52.087] (==) Max clients allowed: 256, resource mask: 0x1fffff
[    52.087] (WW) The directory "/usr/share/fonts/X11/cyrillic" does not exist.
[    52.087] 	Entry deleted from font path.
[    52.087] (WW) The directory "/usr/share/fonts/X11/100dpi/" does not exist.
[    52.087] 	Entry deleted from font path.
[    52.087] (WW) The directory "/usr/share/fonts/X11/75dpi/" does not exist.
[    52.087] 	Entry deleted from font path.
[    52.087] (WW) The directory "/usr/share/fonts/X11/100dpi" does not exist.
[    52.087] 	Entry deleted from font path.
[    52.087] (WW) The directory "/usr/share/fonts/X11/75dpi" does not exist.
[    52.087] 	Entry deleted from font path.
[    52.087] (==) FontPath set to:
	/usr/share/fonts/X11/misc,
	/usr/share/fonts/X11/Type1,
	built-ins
[    52.087] (==) ModulePath set to "/usr/lib/xorg/modules"
[    52.087] (II) The server relies on udev to provide the list of input devices.
	If no devices become available, reconfigure udev or disable AutoAddDevices.
[    52.087] (II) Loader magic: 0x560f5d78c020
[    52.087] (II) Module ABI versions:
[    52.087] 	X.Org ANSI C Emulation: 0.4
[    52.087] 	X.Org Video Driver: 24.1
[    52.087] 	X.Org XInput driver : 24.1
[    52.087] 	X.Org Server Extension : 10.0
[    52.090] (++) using VT number 2

[    52.091] (II) systemd-logind: took control of session /org/freedesktop/login1/session/_32
[    52.096] (II) xfree86: Adding drm device (/dev/dri/card0)
[    52.097] (II) systemd-logind: got fd for /dev/dri/card0 226:0 fd 12 paused 0
[    52.106] (--) PCI:*(0@0:2:0) 15ad:0405:15ad:0405 rev 0, Mem @ 0xe0000000/16777216, 0xf0000000/2097152, I/O @ 0x0000d010/16, BIOS @ 0x????????/131072
[    52.108] (II) LoadModule: "glx"
[    52.111] (II) Loading /usr/lib/xorg/modules/extensions/libglx.so
[    52.117] (II) Module glx: vendor="X.Org Foundation"
[    52.117] 	compiled for 1.20.13, module version = 1.0.0
[    52.117] 	ABI class: X.Org Server Extension, version 10.0
[    52.117] (==) Matched vmware as autoconfigured driver 0
[    52.117] (==) Matched modesetting as autoconfigured driver 1
[    52.118] (==) Matched fbdev as autoconfigured driver 2
[    52.118] (==) Matched vesa as autoconfigured driver 3
[    52.118] (==) Assigned the driver to the xf86ConfigLayout
[    52.118] (II) LoadModule: "vmware"
[    52.120] (II) Loading /usr/lib/xorg/modules/drivers/vmware_drv.so
[    52.240] (II) Module vmware: vendor="X.Org Foundation"
[    52.240] 	compiled for 1.20.8, module version = 13.3.0
[    52.240] 	Module class: X.Org Video Driver
[    52.240] 	ABI class: X.Org Video Driver, version 24.1
[    52.240] (II) LoadModule: "modesetting"
[    52.240] (II) Loading /usr/lib/xorg/modules/drivers/modesetting_drv.so
[    52.242] (II) Module modesetting: vendor="X.Org Foundation"
[    52.242] 	compiled for 1.20.13, module version = 1.20.13
[    52.242] 	Module class: X.Org Video Driver
[    52.242] 	ABI class: X.Org Video Driver, version 24.1
[    52.242] (II) LoadModule: "fbdev"
[    52.242] (II) Loading /usr/lib/xorg/modules/drivers/fbdev_drv.so
[    52.244] (II) Module fbdev: vendor="X.Org Foundation"
[    52.244] 	compiled for 1.20.1, module version = 0.5.0
[    52.244] 	Module class: X.Org Video Driver
[    52.244] 	ABI class: X.Org Video Driver, version 24.0
[    52.244] (II) LoadModule: "vesa"
[    52.244] (II) Loading /usr/lib/xorg/modules/drivers/vesa_drv.so
[    52.245] (II) Module vesa: vendor="X.Org Foundation"
[    52.245] 	compiled for 1.20.4, module version = 2.4.0
[    52.245] 	Module class: X.Org Video Driver
[    52.245] 	ABI class: X.Org Video Driver, version 24.0
[    52.245] (II) vmware: driver for VMware SVGA: vmware0405, vmware0710
[    52.246] (II) modesetting: Driver for Modesetting Kernel Drivers: kms
[    52.246] (II) FBDEV: driver for framebuffer: fbdev
[    52.246] (II) VESA: driver for VESA chipsets: vesa
[    52.246] xf86EnableIOPorts: failed to set IOPL for I/O (Operation not permitted)
[    52.246] (WW) Falling back to old probe method for modesetting
[    52.246] (WW) Falling back to old probe method for fbdev
[    52.246] (II) Loading sub module "fbdevhw"
[    52.246] (II) LoadModule: "fbdevhw"
[    52.246] (II) Loading /usr/lib/xorg/modules/libfbdevhw.so
[    52.248] (II) Module fbdevhw: vendor="X.Org Foundation"
[    52.248] 	compiled for 1.20.13, module version = 0.0.2
[    52.248] 	ABI class: X.Org Video Driver, version 24.1
[    52.248] (EE) open /dev/fb0: Permission denied
[    52.249] (WW) VGA arbiter: cannot open kernel arbiter, no multi-card support
[    52.249] (II) vmware(0): Creating default Display subsection in Screen section
	"Default Screen Section" for depth/fbbpp 24/32
[    52.249] (--) vmware(0): DRM driver version is 2.19.0
[    52.249] (==) vmware(0): Depth 24, (--) framebuffer bpp 32
[    52.249] (==) vmware(0): RGB weight 888
[    52.249] (==) vmware(0): Default visual is TrueColor
[    52.249] (--) vmware(0): Min width 1, Max Width 8192.
[    52.249] (--) vmware(0): Min height 1, Max Height 8192.
[    52.250] (II) vmware(0): Output Virtual1 has no monitor section
[    52.250] (II) vmware(0): Output Virtual2 has no monitor section
[    52.250] (II) vmware(0): Output Virtual3 has no monitor section
[    52.250] (II) vmware(0): Output Virtual4 has no monitor section
[    52.250] (II) vmware(0): Output Virtual5 has no monitor section
[    52.250] (II) vmware(0): Output Virtual6 has no monitor section
[    52.250] (II) vmware(0): Output Virtual7 has no monitor section
[    52.250] (II) vmware(0): Output Virtual8 has no monitor section
[    52.251] (II) vmware(0): Printing probed modes for output Virtual1
[    52.251] (II) vmware(0): Modeline "800x600"x60.0   42.75  800 850 900 950  600 650 700 750 -hsync +vsync (45.0 kHz eP)
[    52.251] (II) vmware(0): Modeline "2560x1600"x60.0  348.50  2560 2752 3032 3504  1600 1603 1609 1658 -hsync +vsync (99.5 kHz e)
[    52.251] (II) vmware(0): Modeline "2560x1440"x60.0  241.50  2560 2608 2640 2720  1440 1443 1448 1481 +hsync -vsync (88.8 kHz e)
[    52.251] (II) vmware(0): Modeline "1920x1440"x60.0  234.00  1920 2048 2256 2600  1440 1441 1444 1500 -hsync +vsync (90.0 kHz e)
[    52.251] (II) vmware(0): Modeline "1856x1392"x60.0  218.25  1856 1952 2176 2528  1392 1393 1396 1439 -hsync +vsync (86.3 kHz e)
[    52.251] (II) vmware(0): Modeline "1792x1344"x60.0  204.75  1792 1920 2120 2448  1344 1345 1348 1394 -hsync +vsync (83.6 kHz e)
[    52.251] (II) vmware(0): Modeline "1920x1200"x59.9  193.25  1920 2056 2256 2592  1200 1203 1209 1245 -hsync +vsync (74.6 kHz e)
[    52.251] (II) vmware(0): Modeline "1920x1080"x60.0  173.00  1920 2048 2248 2576  1080 1083 1088 1120 -hsync +vsync (67.2 kHz e)
[    52.251] (II) vmware(0): Modeline "1600x1200"x60.0  162.00  1600 1664 1856 2160  1200 1201 1204 1250 +hsync +vsync (75.0 kHz e)
[    52.251] (II) vmware(0): Modeline "1680x1050"x60.0  146.25  1680 1784 1960 2240  1050 1053 1059 1089 -hsync +vsync (65.3 kHz e)
[    52.251] (II) vmware(0): Modeline "1400x1050"x60.0  121.75  1400 1488 1632 1864  1050 1053 1057 1089 -hsync +vsync (65.3 kHz e)
[    52.251] (II) vmware(0): Modeline "1280x1024"x60.0  108.00  1280 1328 1440 1688  1024 1025 1028 1066 +hsync +vsync (64.0 kHz e)
[    52.251] (II) vmware(0): Modeline "1440x900"x59.9  106.50  1440 1520 1672 1904  900 903 909 934 -hsync +vsync (55.9 kHz e)
[    52.252] (II) vmware(0): Modeline "1280x960"x60.0  108.00  1280 1376 1488 1800  960 961 964 1000 +hsync +vsync (60.0 kHz e)
[    52.252] (II) vmware(0): Modeline "1360x768"x60.0   85.50  1360 1424 1536 1792  768 771 777 795 +hsync +vsync (47.7 kHz e)
[    52.252] (II) vmware(0): Modeline "1280x800"x59.8   83.50  1280 1352 1480 1680  800 803 809 831 +hsync -vsync (49.7 kHz e)
[    52.252] (II) vmware(0): Modeline "1152x864"x75.0  108.00  1152 1216 1344 1600  864 865 868 900 +hsync +vsync (67.5 kHz e)
[    52.252] (II) vmware(0): Modeline "1280x768"x59.9   79.50  1280 1344 1472 1664  768 771 778 798 -hsync +vsync (47.8 kHz e)
[    52.252] (II) vmware(0): Modeline "1280x720"x59.9   74.50  1280 1344 1472 1664  720 723 728 748 -hsync +vsync (44.8 kHz e)
[    52.252] (II) vmware(0): Modeline "1024x768"x60.0   65.00  1024 1048 1184 1344  768 771 777 806 -hsync -vsync (48.4 kHz e)
[    52.253] (II) vmware(0): Modeline "800x600"x60.3   40.00  800 840 968 1056  600 601 605 628 +hsync +vsync (37.9 kHz e)
[    52.253] (II) vmware(0): Modeline "640x480"x59.9   25.18  640 656 752 800  480 489 492 525 -hsync -vsync (31.5 kHz e)
[    52.253] (II) vmware(0): EDID for output Virtual2
[    52.253] (II) vmware(0): EDID for output Virtual3
[    52.253] (II) vmware(0): EDID for output Virtual4
[    52.253] (II) vmware(0): EDID for output Virtual5
[    52.254] (II) vmware(0): EDID for output Virtual6
[    52.254] (II) vmware(0): EDID for output Virtual7
[    52.254] (II) vmware(0): EDID for output Virtual8
[    52.254] (II) vmware(0): Output Virtual1 connected
[    52.254] (II) vmware(0): Output Virtual2 disconnected
[    52.254] (II) vmware(0): Output Virtual3 disconnected
[    52.254] (II) vmware(0): Output Virtual4 disconnected
[    52.254] (II) vmware(0): Output Virtual5 disconnected
[    52.254] (II) vmware(0): Output Virtual6 disconnected
[    52.254] (II) vmware(0): Output Virtual7 disconnected
[    52.254] (II) vmware(0): Output Virtual8 disconnected
[    52.254] (II) vmware(0): Using exact sizes for initial modes
[    52.254] (II) vmware(0): Output Virtual1 using initial mode 800x600 +0+0
[    52.254] (==) vmware(0): DPI set to (96, 96)
[    52.254] (==) vmware(0): Using gamma correction (1.0, 1.0, 1.0)
[    52.254] (II) Loading sub module "fb"
[    52.254] (II) LoadModule: "fb"
[    52.254] (II) Loading /usr/lib/xorg/modules/libfb.so
[    52.262] (II) Module fb: vendor="X.Org Foundation"
[    52.262] 	compiled for 1.20.13, module version = 1.0.0
[    52.262] 	ABI class: X.Org ANSI C Emulation, version 0.4
[    52.262] (II) Loading sub module "dri2"
[    52.262] (II) LoadModule: "dri2"
[    52.262] (II) Module "dri2" already built-in
[    52.262] (II) Loading sub module "dri3"
[    52.262] (II) LoadModule: "dri3"
[    52.262] (II) Module "dri3" already built-in
[    52.262] (II) UnloadModule: "modesetting"
[    52.262] (II) Unloading modesetting
[    52.262] (II) UnloadModule: "fbdev"
[    52.262] (II) Unloading fbdev
[    52.262] (II) UnloadSubModule: "fbdevhw"
[    52.262] (II) Unloading fbdevhw
[    52.262] (II) UnloadModule: "vesa"
[    52.262] (II) Unloading vesa
[    52.268] (II) vmware(0): Initialized VMWARE_CTRL extension version 0.2
[    52.291] (WW) vmware(0): Failed to initialize Gallium3D Xa. No render acceleration available.
[    52.291] (WW) vmware(0): Skipped initialization of direct rendering due to lack of render acceleration.
[    52.291] (--) vmware(0): Render acceleration is disabled.
[    52.291] (==) vmware(0): Rendercheck mode is disabled.
[    52.291] (--) vmware(0): Direct rendering (DRI2 3D) is disabled.
[    52.291] (--) vmware(0): Direct rendering (DRI3 3D) is disabled.
[    52.291] (==) vmware(0): Backing store enabled
[    52.291] (==) vmware(0): Silken mouse enabled
[    52.293] (==) vmware(0): DPMS enabled
[    52.293] (II) vmware(0): No 3D acceleration. Not setting up textured video.
[    52.293] (WW) vmware(0): Disabling Xv because no adaptors could be initialized.
[    52.293] (II) Initializing extension Generic Event Extension
[    52.293] (II) Initializing extension SHAPE
[    52.294] (II) Initializing extension MIT-SHM
[    52.296] (II) Initializing extension XInputExtension
[    52.300] (II) Initializing extension XTEST
[    52.300] (II) Initializing extension BIG-REQUESTS
[    52.300] (II) Initializing extension SYNC
[    52.301] (II) Initializing extension XKEYBOARD
[    52.302] (II) Initializing extension XC-MISC
[    52.302] (II) Initializing extension SECURITY
[    52.303] (II) Initializing extension XFIXES
[    52.303] (II) Initializing extension RENDER
[    52.304] (II) Initializing extension RANDR
[    52.304] (II) Initializing extension COMPOSITE
[    52.304] (II) Initializing extension DAMAGE
[    52.305] (II) Initializing extension MIT-SCREEN-SAVER
[    52.305] (II) Initializing extension DOUBLE-BUFFER
[    52.306] (II) Initializing extension RECORD
[    52.306] (II) Initializing extension DPMS
[    52.306] (II) Initializing extension Present
[    52.307] (II) Initializing extension DRI3
[    52.307] (II) Initializing extension X-Resource
[    52.307] (II) Initializing extension XVideo
[    52.307] (II) Initializing extension XVideo-MotionCompensation
[    52.307] (II) Initializing extension SELinux
[    52.307] (II) SELinux: Disabled on system
[    52.307] (II) Initializing extension GLX
[    52.315] (II) AIGLX: Screen 0 is not DRI2 capable
[    52.374] (II) IGLX: Loaded and initialized swrast
[    52.375] (II) GLX: Initialized DRISWRAST GL provider for screen 0
[    52.375] (II) Initializing extension XFree86-VidModeExtension
[    52.376] (II) Initializing extension XFree86-DGA
[    52.380] (II) Initializing extension XFree86-DRI
[    52.383] (II) Initializing extension DRI2
[    52.387] (II) vmware(0): Setting screen physical size to 211 x 158
[    52.520] (II) config/udev: Adding input device Power Button (/dev/input/event0)
[    52.520] (**) Power Button: Applying InputClass "libinput keyboard catchall"
[    52.520] (II) LoadModule: "libinput"
[    52.521] (II) Loading /usr/lib/xorg/modules/input/libinput_drv.so
[    52.527] (II) Module libinput: vendor="X.Org Foundation"
[    52.527] 	compiled for 1.20.4, module version = 0.29.0
[    52.527] 	Module class: X.Org XInput Driver
[    52.527] 	ABI class: X.Org XInput driver, version 24.1
[    52.527] (II) Using input driver 'libinput' for 'Power Button'
[    52.528] (II) systemd-logind: got fd for /dev/input/event0 13:64 fd 20 paused 0
[    52.529] (**) Power Button: always reports core events
[    52.529] (**) Option "Device" "/dev/input/event0"
[    52.529] (**) Option "_source" "server/udev"
[    52.536] (II) event0  - Power Button: is tagged by udev as: Keyboard
[    52.537] (II) event0  - Power Button: device is a keyboard
[    52.537] (II) event0  - Power Button: device removed
[    52.537] (**) Option "config_info" "udev:/sys/devices/LNXSYSTM:00/LNXPWRBN:00/input/input0/event0"
[    52.537] (II) XINPUT: Adding extended input device "Power Button" (type: KEYBOARD, id 6)
[    52.537] (**) Option "xkb_model" "pc105"
[    52.538] (**) Option "xkb_layout" "us,ru"
[    52.538] (**) Option "xkb_variant" ","
[    52.538] (**) Option "xkb_options" "grp_led:scroll"
[    52.610] (II) event0  - Power Button: is tagged by udev as: Keyboard
[    52.610] (II) event0  - Power Button: device is a keyboard
[    52.611] (II) config/udev: Adding input device Sleep Button (/dev/input/event1)
[    52.612] (**) Sleep Button: Applying InputClass "libinput keyboard catchall"
[    52.616] (II) Using input driver 'libinput' for 'Sleep Button'
[    52.617] (II) systemd-logind: got fd for /dev/input/event1 13:65 fd 23 paused 0
[    52.617] (**) Sleep Button: always reports core events
[    52.617] (**) Option "Device" "/dev/input/event1"
[    52.617] (**) Option "_source" "server/udev"
[    52.629] (II) event1  - Sleep Button: is tagged by udev as: Keyboard
[    52.630] (II) event1  - Sleep Button: device is a keyboard
[    52.631] (II) event1  - Sleep Button: device removed
[    52.631] (**) Option "config_info" "udev:/sys/devices/LNXSYSTM:00/LNXSLPBN:00/input/input1/event1"
[    52.631] (II) XINPUT: Adding extended input device "Sleep Button" (type: KEYBOARD, id 7)
[    52.631] (**) Option "xkb_model" "pc105"
[    52.631] (**) Option "xkb_layout" "us,ru"
[    52.631] (**) Option "xkb_variant" ","
[    52.631] (**) Option "xkb_options" "grp_led:scroll"
[    52.632] (II) event1  - Sleep Button: is tagged by udev as: Keyboard
[    52.632] (II) event1  - Sleep Button: device is a keyboard
[    52.633] (II) config/udev: Adding input device Video Bus (/dev/input/event3)
[    52.634] (**) Video Bus: Applying InputClass "libinput keyboard catchall"
[    52.634] (II) Using input driver 'libinput' for 'Video Bus'
[    52.635] (II) systemd-logind: got fd for /dev/input/event3 13:67 fd 24 paused 0
[    52.635] (**) Video Bus: always reports core events
[    52.635] (**) Option "Device" "/dev/input/event3"
[    52.635] (**) Option "_source" "server/udev"
[    52.637] (II) event3  - Video Bus: is tagged by udev as: Keyboard
[    52.638] (II) event3  - Video Bus: device is a keyboard
[    52.638] (II) event3  - Video Bus: device removed
[    52.638] (**) Option "config_info" "udev:/sys/devices/LNXSYSTM:00/LNXSYBUS:00/PNP0A03:00/LNXVIDEO:00/input/input4/event3"
[    52.638] (II) XINPUT: Adding extended input device "Video Bus" (type: KEYBOARD, id 8)
[    52.639] (**) Option "xkb_model" "pc105"
[    52.639] (**) Option "xkb_layout" "us,ru"
[    52.639] (**) Option "xkb_variant" ","
[    52.639] (**) Option "xkb_options" "grp_led:scroll"
[    52.646] (II) event3  - Video Bus: is tagged by udev as: Keyboard
[    52.646] (II) event3  - Video Bus: device is a keyboard
[    52.648] (II) config/udev: Adding input device VirtualBox mouse integration (/dev/input/event6)
[    52.648] (**) VirtualBox mouse integration: Applying InputClass "libinput pointer catchall"
[    52.648] (II) Using input driver 'libinput' for 'VirtualBox mouse integration'
[    52.650] (II) systemd-logind: got fd for /dev/input/event6 13:70 fd 25 paused 0
[    52.650] (**) VirtualBox mouse integration: always reports core events
[    52.650] (**) Option "Device" "/dev/input/event6"
[    52.650] (**) Option "_source" "server/udev"
[    52.651] (II) event6  - VirtualBox mouse integration: is tagged by udev as: Mouse
[    52.652] (II) event6  - VirtualBox mouse integration: device is a pointer
[    52.652] (II) event6  - VirtualBox mouse integration: device removed
[    52.652] (**) Option "config_info" "udev:/sys/devices/pci0000:00/0000:00:04.0/input/input7/event6"
[    52.652] (II) XINPUT: Adding extended input device "VirtualBox mouse integration" (type: MOUSE, id 9)
[    52.652] (**) Option "AccelerationScheme" "none"
[    52.653] (**) VirtualBox mouse integration: (accel) selected scheme none/0
[    52.653] (**) VirtualBox mouse integration: (accel) acceleration factor: 2.000
[    52.653] (**) VirtualBox mouse integration: (accel) acceleration threshold: 4
[    52.655] (II) event6  - VirtualBox mouse integration: is tagged by udev as: Mouse
[    52.655] (II) event6  - VirtualBox mouse integration: device is a pointer
[    52.657] (II) config/udev: Adding input device VirtualBox mouse integration (/dev/input/js1)
[    52.657] (II) No input driver specified, ignoring this device.
[    52.657] (II) This device may have been added with another device file.
[    52.660] (II) config/udev: Adding input device VirtualBox mouse integration (/dev/input/mouse2)
[    52.660] (II) No input driver specified, ignoring this device.
[    52.660] (II) This device may have been added with another device file.
[    52.661] (II) config/udev: Adding input device VirtualBox USB Tablet (/dev/input/event5)
[    52.661] (**) VirtualBox USB Tablet: Applying InputClass "libinput pointer catchall"
[    52.661] (II) Using input driver 'libinput' for 'VirtualBox USB Tablet'
[    52.720] (II) systemd-logind: got fd for /dev/input/event5 13:69 fd 26 paused 0
[    52.720] (**) VirtualBox USB Tablet: always reports core events
[    52.720] (**) Option "Device" "/dev/input/event5"
[    52.720] (**) Option "_source" "server/udev"
[    52.721] (II) event5  - VirtualBox USB Tablet: is tagged by udev as: Mouse
[    52.722] (II) event5  - VirtualBox USB Tablet: device is a pointer
[    52.722] (II) event5  - VirtualBox USB Tablet: device removed
[    52.722] (**) Option "config_info" "udev:/sys/devices/pci0000:00/0000:00:06.0/usb1/1-1/1-1:1.0/0003:80EE:0021.0001/input/input6/event5"
[    52.722] (II) XINPUT: Adding extended input device "VirtualBox USB Tablet" (type: MOUSE, id 10)
[    52.722] (**) Option "AccelerationScheme" "none"
[    52.722] (**) VirtualBox USB Tablet: (accel) selected scheme none/0
[    52.722] (**) VirtualBox USB Tablet: (accel) acceleration factor: 2.000
[    52.722] (**) VirtualBox USB Tablet: (accel) acceleration threshold: 4
[    52.723] (II) event5  - VirtualBox USB Tablet: is tagged by udev as: Mouse
[    52.723] (II) event5  - VirtualBox USB Tablet: device is a pointer
[    52.726] (II) config/udev: Adding input device VirtualBox USB Tablet (/dev/input/js0)
[    52.727] (II) No input driver specified, ignoring this device.
[    52.727] (II) This device may have been added with another device file.
[    52.728] (II) config/udev: Adding input device VirtualBox USB Tablet (/dev/input/mouse1)
[    52.728] (II) No input driver specified, ignoring this device.
[    52.728] (II) This device may have been added with another device file.
[    52.730] (II) config/udev: Adding input device AT Translated Set 2 keyboard (/dev/input/event2)
[    52.730] (**) AT Translated Set 2 keyboard: Applying InputClass "libinput keyboard catchall"
[    52.730] (II) Using input driver 'libinput' for 'AT Translated Set 2 keyboard'
[    52.731] (II) systemd-logind: got fd for /dev/input/event2 13:66 fd 27 paused 0
[    52.731] (**) AT Translated Set 2 keyboard: always reports core events
[    52.731] (**) Option "Device" "/dev/input/event2"
[    52.731] (**) Option "_source" "server/udev"
[    52.737] (II) event2  - AT Translated Set 2 keyboard: is tagged by udev as: Keyboard
[    52.737] (II) event2  - AT Translated Set 2 keyboard: device is a keyboard
[    52.738] (II) event2  - AT Translated Set 2 keyboard: device removed
[    52.740] (**) Option "config_info" "udev:/sys/devices/platform/i8042/serio0/input/input2/event2"
[    52.740] (II) XINPUT: Adding extended input device "AT Translated Set 2 keyboard" (type: KEYBOARD, id 11)
[    52.740] (**) Option "xkb_model" "pc105"
[    52.740] (**) Option "xkb_layout" "us,ru"
[    52.740] (**) Option "xkb_variant" ","
[    52.740] (**) Option "xkb_options" "grp_led:scroll"
[    52.742] (II) event2  - AT Translated Set 2 keyboard: is tagged by udev as: Keyboard
[    52.742] (II) event2  - AT Translated Set 2 keyboard: device is a keyboard
[    52.748] (II) config/udev: Adding input device ImExPS/2 Generic Explorer Mouse (/dev/input/event4)
[    52.748] (**) ImExPS/2 Generic Explorer Mouse: Applying InputClass "libinput pointer catchall"
[    52.748] (II) Using input driver 'libinput' for 'ImExPS/2 Generic Explorer Mouse'
[    52.750] (II) systemd-logind: got fd for /dev/input/event4 13:68 fd 28 paused 0
[    52.750] (**) ImExPS/2 Generic Explorer Mouse: always reports core events
[    52.750] (**) Option "Device" "/dev/input/event4"
[    52.750] (**) Option "_source" "server/udev"
[    52.752] (II) event4  - ImExPS/2 Generic Explorer Mouse: is tagged by udev as: Mouse
[    52.752] (II) event4  - ImExPS/2 Generic Explorer Mouse: device is a pointer
[    52.753] (II) event4  - ImExPS/2 Generic Explorer Mouse: device removed
[    52.753] (**) Option "config_info" "udev:/sys/devices/platform/i8042/serio1/input/input5/event4"
[    52.754] (II) XINPUT: Adding extended input device "ImExPS/2 Generic Explorer Mouse" (type: MOUSE, id 12)
[    52.755] (**) Option "AccelerationScheme" "none"
[    52.755] (**) ImExPS/2 Generic Explorer Mouse: (accel) selected scheme none/0
[    52.755] (**) ImExPS/2 Generic Explorer Mouse: (accel) acceleration factor: 2.000
[    52.755] (**) ImExPS/2 Generic Explorer Mouse: (accel) acceleration threshold: 4
[    52.758] (II) event4  - ImExPS/2 Generic Explorer Mouse: is tagged by udev as: Mouse
[    52.758] (II) event4  - ImExPS/2 Generic Explorer Mouse: device is a pointer
[    52.759] (II) config/udev: Adding input device ImExPS/2 Generic Explorer Mouse (/dev/input/mouse0)
[    52.759] (II) No input driver specified, ignoring this device.
[    52.760] (II) This device may have been added with another device file.
[   138.014] (EE) No surface to present from.
[   138.037] (EE) No surface to present from.
[   149.043] (EE) No surface to present from.
[   149.055] (EE) No surface to present from.
[   448.419] (II) config/udev: removing device VirtualBox USB Tablet
[   448.425] (**) Option "fd" "26"
[   448.425] (II) event5  - VirtualBox USB Tablet: device removed
[   448.445] (II) UnloadModule: "libinput"
[   448.445] (II) systemd-logind: releasing fd for 13:69
[   448.446] (EE) systemd-logind: failed to release device: Device not taken
[   450.052] (II) config/udev: Adding input device VirtualBox USB Tablet (/dev/input/js0)
[   450.052] (II) No input driver specified, ignoring this device.
[   450.052] (II) This device may have been added with another device file.
[   450.058] (II) config/udev: Adding input device VirtualBox USB Tablet (/dev/input/mouse1)
[   450.058] (II) No input driver specified, ignoring this device.
[   450.058] (II) This device may have been added with another device file.
[   450.119] (II) config/udev: Adding input device VirtualBox USB Tablet (/dev/input/event5)
[   450.119] (**) VirtualBox USB Tablet: Applying InputClass "libinput pointer catchall"
[   450.119] (II) Using input driver 'libinput' for 'VirtualBox USB Tablet'
[   450.182] (II) systemd-logind: got fd for /dev/input/event5 13:69 fd 32 paused 0
[   450.182] (**) VirtualBox USB Tablet: always reports core events
[   450.182] (**) Option "Device" "/dev/input/event5"
[   450.182] (**) Option "_source" "server/udev"
[   450.204] (II) event5  - VirtualBox USB Tablet: is tagged by udev as: Mouse
[   450.205] (II) event5  - VirtualBox USB Tablet: device is a pointer
[   450.207] (II) event5  - VirtualBox USB Tablet: device removed
[   450.208] (**) Option "config_info" "udev:/sys/devices/pci0000:00/0000:00:06.0/usb1/1-1/1-1:1.0/0003:80EE:0021.0002/input/input8/event5"
[   450.209] (II) XINPUT: Adding extended input device "VirtualBox USB Tablet" (type: MOUSE, id 10)
[   450.215] (**) Option "AccelerationScheme" "none"
[   450.220] (**) VirtualBox USB Tablet: (accel) selected scheme none/0
[   450.220] (**) VirtualBox USB Tablet: (accel) acceleration factor: 2.000
[   450.220] (**) VirtualBox USB Tablet: (accel) acceleration threshold: 4
[   450.228] (II) event5  - VirtualBox USB Tablet: is tagged by udev as: Mouse
[   450.229] (II) event5  - VirtualBox USB Tablet: device is a pointer
[   827.372] (II) event4  - ImExPS/2 Generic Explorer Mouse: Enabling spurious button debouncing, see https://wayland.freedesktop.org/libinput/doc/1.15.5/button-debouncing.html for details
